<?xml version="1.0" encoding="UTF-8"?>
<testng-results ignored="0" total="1" passed="1" failed="0" skipped="0">
  <reporter-output>
  </reporter-output>
  <suite started-at="2021-09-05T19:03:47 IST" name="Default suite" finished-at="2021-09-05T19:03:47 IST" duration-ms="90">
    <groups>
    </groups>
    <test started-at="2021-09-05T19:03:47 IST" name="Default test" finished-at="2021-09-05T19:03:47 IST" duration-ms="90">
      <class name="test.TestNG">
        <test-method signature="testngexamplee()[pri:0, instance:test.TestNG@36b4fe2a]" started-at="2021-09-05T19:03:47 IST" name="testngexamplee" finished-at="2021-09-05T19:03:47 IST" duration-ms="20" status="PASS">
          <reporter-output>
          </reporter-output>
        </test-method> <!-- testngexamplee -->
      </class> <!-- test.TestNG -->
    </test> <!-- Default test -->
  </suite> <!-- Default suite -->
</testng-results>
